11:22:11 ============== Megmeet Tracking Active ==============
          
11:23:28 =================== Active trackdata ================
11:23:28 Tracksystem : 2
11:23:28 SeamName    : weldTest
11:23:28 TrackType   : Centerline
11:23:28 Gain_y      : 100
11:23:28 Gain_z      : 30
11:23:28 Bias        : 0
11:23:28 Z-Reference   : 0
11:23:28 Weave time  : 0.22 seconds
          
11:23:31 ======== Y-Correction negative Limit reached ========
11:23:31 Trap on right side
11:23:31 Number of Measurements     : 1
11:23:31 Calculated correction      : -2.55 mm
11:23:31 Limit correction to        : -1.41421 mm
11:23:31 Control Difference         : -51
11:23:31 Current on Right (A)   : 163
11:23:31 Current on Left  (A)   : 112
          
11:23:31 ======== Y-Correction negative Limit reached ========
11:23:31 Trap on left side
11:23:31 Number of Measurements     : 1
11:23:31 Calculated correction      : -6.95 mm
11:23:31 Limit correction to        : -1.41421 mm
11:23:31 Control Difference         : -139
11:23:31 Current on Right (A)   : 163
11:23:31 Current on Left  (A)   : 24
          
          
11:23:43 =================== Active trackdata ================
11:23:43 Tracksystem : 2
11:23:43 SeamName    : weldTest
11:23:43 TrackType   : Centerline
11:23:43 Gain_y      : 100
11:23:43 Gain_z      : 30
11:23:43 Bias        : 0
11:23:43 Z-Reference   : 0
11:23:43 Weave time  : 0.22 seconds
          
11:23:45 =================== Z-Correction ====================
11:23:45 Number of Measurements : 1
11:23:45 Calculated  correction : -0.66 mm
11:23:45 Z-Reference (A)         : 162
11:23:45 Z-Measured  value      : 206
11:23:45 Control Difference     : -44
          
11:23:45 ======== Y-Correction negative Limit reached ========
11:23:45 Trap on right side
11:23:45 Number of Measurements     : 1
11:23:45 Calculated correction      : -9 mm
11:23:45 Limit correction to        : -1.41421 mm
11:23:45 Control Difference         : -180
11:23:45 Current on Right (A)   : 187
11:23:45 Current on Left  (A)   : 7
          
11:23:45 =================== Z-Correction ====================
11:23:45 Number of Measurements : 1
11:23:45 Calculated  correction : 0.615 mm
11:23:45 Z-Reference (A)         : 162
11:23:45 Z-Measured  value      : 121
11:23:45 Control Difference     : 41
          
11:23:45 ======== Y-Correction negative Limit reached ========
11:23:45 Trap on left side
11:23:45 Number of Measurements     : 1
11:23:45 Calculated correction      : -1.95 mm
11:23:45 Limit correction to        : -1.41421 mm
11:23:45 Control Difference         : -39
11:23:45 Current on Right (A)   : 187
11:23:45 Current on Left  (A)   : 148
          
11:23:45 =================== Z-Correction ====================
11:23:45 Number of Measurements : 1
11:23:45 Calculated  correction : -0.24 mm
11:23:45 Z-Reference (A)         : 162
11:23:45 Z-Measured  value      : 178
11:23:45 Control Difference     : -16
          
11:23:45 =================== Y-Correction ====================
11:23:45 Trap on left side
11:23:45 Number of Measurements : 1
11:23:45 Calculated correction  : 1.15 mm
11:23:45 Current on Right (A)   : 149
11:23:45 Current on Left  (A)   : 172
11:23:45 Control Difference     : 23
          
11:23:46 =================== Z-Correction ====================
11:23:46 Number of Measurements : 1
11:23:46 Calculated  correction : -0.135 mm
11:23:46 Z-Reference (A)         : 162
11:23:46 Z-Measured  value      : 171
11:23:46 Control Difference     : -9
          
11:23:46 =================== Y-Correction ====================
11:23:46 Trap on right side
11:23:46 Number of Measurements : 1
11:23:46 Calculated correction  : 0.6 mm
11:23:46 Current on Right (A)   : 160
11:23:46 Current on Left  (A)   : 172
11:23:46 Control Difference     : 12
          
11:23:46 =================== Y-Correction ====================
11:23:46 Trap on left side
11:23:46 Number of Measurements : 1
11:23:46 Calculated correction  : 0.5 mm
11:23:46 Current on Right (A)   : 160
11:23:46 Current on Left  (A)   : 170
11:23:46 Control Difference     : 10
          
11:23:46 =================== Z-Correction ====================
11:23:46 Number of Measurements : 1
11:23:46 Calculated  correction : -0.12 mm
11:23:46 Z-Reference (A)         : 162
11:23:46 Z-Measured  value      : 170
11:23:46 Control Difference     : -8
          
11:23:46 =================== Y-Correction ====================
11:23:46 Trap on right side
11:23:46 Number of Measurements : 1
11:23:46 Calculated correction  : 0.55 mm
11:23:46 Current on Right (A)   : 159
11:23:46 Current on Left  (A)   : 170
11:23:46 Control Difference     : 11
          
11:23:46 =================== Z-Correction ====================
11:23:46 Number of Measurements : 1
11:23:46 Calculated  correction : 0.24 mm
11:23:46 Z-Reference (A)         : 162
11:23:46 Z-Measured  value      : 146
11:23:46 Control Difference     : 16
          
11:23:47 =================== Y-Correction ====================
11:23:47 Trap on right side
11:23:47 Number of Measurements : 1
11:23:47 Calculated correction  : 0.5 mm
11:23:47 Current on Right (A)   : 146
11:23:47 Current on Left  (A)   : 156
11:23:47 Control Difference     : 10
          
11:23:47 =================== Z-Correction ====================
11:23:47 Number of Measurements : 1
11:23:47 Calculated  correction : 0.33 mm
11:23:47 Z-Reference (A)         : 162
11:23:47 Z-Measured  value      : 140
11:23:47 Control Difference     : 22
          
11:23:47 =================== Y-Correction ====================
11:23:47 Trap on left side
11:23:47 Number of Measurements : 1
11:23:47 Calculated correction  : 0.4 mm
11:23:47 Current on Right (A)   : 146
11:23:47 Current on Left  (A)   : 154
11:23:47 Control Difference     : 8
          
11:23:47 =================== Z-Correction ====================
11:23:47 Number of Measurements : 1
11:23:47 Calculated  correction : 0.345 mm
11:23:47 Z-Reference (A)         : 162
11:23:47 Z-Measured  value      : 139
11:23:47 Control Difference     : 23
          
11:23:47 =================== Y-Correction ====================
11:23:47 Trap on left side
11:23:47 Number of Measurements : 1
11:23:47 Calculated correction  : 0.6 mm
11:23:47 Current on Right (A)   : 150
11:23:47 Current on Left  (A)   : 162
11:23:47 Control Difference     : 12
          
11:23:47 =================== Z-Correction ====================
11:23:47 Number of Measurements : 1
11:23:47 Calculated  correction : 0.09 mm
11:23:47 Z-Reference (A)         : 162
11:23:47 Z-Measured  value      : 156
11:23:47 Control Difference     : 6
          
11:23:47 =================== Y-Correction ====================
11:23:47 Trap on right side
11:23:47 Number of Measurements : 1
11:23:47 Calculated correction  : 0.6 mm
11:23:47 Current on Right (A)   : 150
11:23:47 Current on Left  (A)   : 162
11:23:47 Control Difference     : 12
          
11:23:48 =================== Z-Correction ====================
11:23:48 Number of Measurements : 1
11:23:48 Calculated  correction : 0.285 mm
11:23:48 Z-Reference (A)         : 162
11:23:48 Z-Measured  value      : 143
11:23:48 Control Difference     : 19
          
11:23:48 =================== Z-Correction ====================
11:23:48 Number of Measurements : 1
11:23:48 Calculated  correction : 0.36 mm
11:23:48 Z-Reference (A)         : 162
11:23:48 Z-Measured  value      : 138
11:23:48 Control Difference     : 24
          
11:23:48 =================== Z-Correction ====================
11:23:48 Number of Measurements : 1
11:23:48 Calculated  correction : 0.345 mm
11:23:48 Z-Reference (A)         : 162
11:23:48 Z-Measured  value      : 139
11:23:48 Control Difference     : 23
          
11:23:49 =================== Z-Correction ====================
11:23:49 Number of Measurements : 1
11:23:49 Calculated  correction : 0.39 mm
11:23:49 Z-Reference (A)         : 162
11:23:49 Z-Measured  value      : 136
11:23:49 Control Difference     : 26
          
11:23:49 =================== Y-Correction ====================
11:23:49 Trap on left side
11:23:49 Number of Measurements : 1
11:23:49 Calculated correction  : -0.35 mm
11:23:49 Current on Right (A)   : 154
11:23:49 Current on Left  (A)   : 147
11:23:49 Control Difference     : -7
          
11:23:49 =================== Y-Correction ====================
11:23:49 Trap on right side
11:23:49 Number of Measurements : 1
11:23:49 Calculated correction  : -0.35 mm
11:23:49 Current on Right (A)   : 154
11:23:49 Current on Left  (A)   : 147
11:23:49 Control Difference     : -7
          
11:23:49 =================== Z-Correction ====================
11:23:49 Number of Measurements : 1
11:23:49 Calculated  correction : 0.33 mm
11:23:49 Z-Reference (A)         : 162
11:23:49 Z-Measured  value      : 140
11:23:49 Control Difference     : 22
          
11:23:50 =================== Z-Correction ====================
11:23:50 Number of Measurements : 1
11:23:50 Calculated  correction : 0.27 mm
11:23:50 Z-Reference (A)         : 162
11:23:50 Z-Measured  value      : 144
11:23:50 Control Difference     : 18
          
11:23:50 =================== Y-Correction ====================
11:23:50 Trap on right side
11:23:50 Number of Measurements : 1
11:23:50 Calculated correction  : 0.4 mm
11:23:50 Current on Right (A)   : 152
11:23:50 Current on Left  (A)   : 160
11:23:50 Control Difference     : 8
          
11:23:50 =================== Z-Correction ====================
11:23:50 Number of Measurements : 1
11:23:50 Calculated  correction : 0.27 mm
11:23:50 Z-Reference (A)         : 162
11:23:50 Z-Measured  value      : 144
11:23:50 Control Difference     : 18
          
11:23:51 =================== Z-Correction ====================
11:23:51 Number of Measurements : 1
11:23:51 Calculated  correction : 0.27 mm
11:23:51 Z-Reference (A)         : 162
11:23:51 Z-Measured  value      : 144
11:23:51 Control Difference     : 18
          
11:23:51 =================== Z-Correction ====================
11:23:51 Number of Measurements : 1
11:23:51 Calculated  correction : 0.225 mm
11:23:51 Z-Reference (A)         : 162
11:23:51 Z-Measured  value      : 147
11:23:51 Control Difference     : 15
          
11:23:51 =================== Z-Correction ====================
11:23:51 Number of Measurements : 1
11:23:51 Calculated  correction : -0.09 mm
11:23:51 Z-Reference (A)         : 162
11:23:51 Z-Measured  value      : 168
11:23:51 Control Difference     : -6
          
11:23:52 =================== Z-Correction ====================
11:23:52 Number of Measurements : 1
11:23:52 Calculated  correction : 0.255 mm
11:23:52 Z-Reference (A)         : 162
11:23:52 Z-Measured  value      : 145
11:23:52 Control Difference     : 17
          
11:23:52 =================== Z-Correction ====================
11:23:52 Number of Measurements : 1
11:23:52 Calculated  correction : -0.12 mm
11:23:52 Z-Reference (A)         : 162
11:23:52 Z-Measured  value      : 170
11:23:52 Control Difference     : -8
          
11:23:52 =================== Y-Correction ====================
11:23:52 Trap on right side
11:23:52 Number of Measurements : 1
11:23:52 Calculated correction  : -0.45 mm
11:23:52 Current on Right (A)   : 163
11:23:52 Current on Left  (A)   : 154
11:23:52 Control Difference     : -9
          
11:23:52 =================== Z-Correction ====================
11:23:52 Number of Measurements : 1
11:23:52 Calculated  correction : 0.225 mm
11:23:52 Z-Reference (A)         : 162
11:23:52 Z-Measured  value      : 147
11:23:52 Control Difference     : 15
          
11:23:52 =================== Y-Correction ====================
11:23:52 Trap on left side
11:23:52 Number of Measurements : 1
11:23:52 Calculated correction  : -0.4 mm
11:23:52 Current on Right (A)   : 163
11:23:52 Current on Left  (A)   : 155
11:23:52 Control Difference     : -8
          
11:23:52 =================== Z-Correction ====================
11:23:52 Number of Measurements : 1
11:23:52 Calculated  correction : 0.195 mm
11:23:52 Z-Reference (A)         : 162
11:23:52 Z-Measured  value      : 149
11:23:52 Control Difference     : 13
          
11:23:53 =================== Z-Correction ====================
11:23:53 Number of Measurements : 1
11:23:53 Calculated  correction : -0.12 mm
11:23:53 Z-Reference (A)         : 162
11:23:53 Z-Measured  value      : 170
11:23:53 Control Difference     : -8
          
11:23:53 =================== Z-Correction ====================
11:23:53 Number of Measurements : 1
11:23:53 Calculated  correction : 0.18 mm
11:23:53 Z-Reference (A)         : 162
11:23:53 Z-Measured  value      : 150
11:23:53 Control Difference     : 12
          
11:23:53 =================== Y-Correction ====================
11:23:53 Trap on right side
11:23:53 Number of Measurements : 1
11:23:53 Calculated correction  : 0.3 mm
11:23:53 Current on Right (A)   : 157
11:23:53 Current on Left  (A)   : 163
11:23:53 Control Difference     : 6
          
11:23:53 =================== Z-Correction ====================
11:23:53 Number of Measurements : 1
11:23:53 Calculated  correction : 0.12 mm
11:23:53 Z-Reference (A)         : 162
11:23:53 Z-Measured  value      : 154
11:23:53 Control Difference     : 8
          
11:23:53 =================== Y-Correction ====================
11:23:53 Trap on left side
11:23:53 Number of Measurements : 1
11:23:53 Calculated correction  : 0.4 mm
11:23:53 Current on Right (A)   : 157
11:23:53 Current on Left  (A)   : 165
11:23:53 Control Difference     : 8
          
11:23:54 =================== Z-Correction ====================
11:23:54 Number of Measurements : 1
11:23:54 Calculated  correction : -0.18 mm
11:23:54 Z-Reference (A)         : 162
11:23:54 Z-Measured  value      : 174
11:23:54 Control Difference     : -12
          
11:23:54 =================== Z-Correction ====================
11:23:54 Number of Measurements : 1
11:23:54 Calculated  correction : 0.165 mm
11:23:54 Z-Reference (A)         : 162
11:23:54 Z-Measured  value      : 151
11:23:54 Control Difference     : 11
          
11:23:54 =================== Z-Correction ====================
11:23:54 Number of Measurements : 1
11:23:54 Calculated  correction : 0.18 mm
11:23:54 Z-Reference (A)         : 162
11:23:54 Z-Measured  value      : 150
11:23:54 Control Difference     : 12
          
11:23:55 =================== Z-Correction ====================
11:23:55 Number of Measurements : 1
11:23:55 Calculated  correction : 0.135 mm
11:23:55 Z-Reference (A)         : 162
11:23:55 Z-Measured  value      : 153
11:23:55 Control Difference     : 9
          
11:23:55 =================== Y-Correction ====================
11:23:55 Trap on right side
11:23:55 Number of Measurements : 1
11:23:55 Calculated correction  : 0.35 mm
11:23:55 Current on Right (A)   : 158
11:23:55 Current on Left  (A)   : 165
11:23:55 Control Difference     : 7
          
11:23:55 =================== Z-Correction ====================
11:23:55 Number of Measurements : 1
11:23:55 Calculated  correction : -0.135 mm
11:23:55 Z-Reference (A)         : 162
11:23:55 Z-Measured  value      : 171
11:23:55 Control Difference     : -9
          
11:23:56 =================== Z-Correction ====================
11:23:56 Number of Measurements : 1
11:23:56 Calculated  correction : 0.18 mm
11:23:56 Z-Reference (A)         : 162
11:23:56 Z-Measured  value      : 150
11:23:56 Control Difference     : 12
          
11:23:56 =================== Z-Correction ====================
11:23:56 Number of Measurements : 1
11:23:56 Calculated  correction : -0.09 mm
11:23:56 Z-Reference (A)         : 162
11:23:56 Z-Measured  value      : 168
11:23:56 Control Difference     : -6
          
11:23:56 =================== Z-Correction ====================
11:23:56 Number of Measurements : 1
11:23:56 Calculated  correction : 0.21 mm
11:23:56 Z-Reference (A)         : 162
11:23:56 Z-Measured  value      : 148
11:23:56 Control Difference     : 14
          
11:23:56 =================== Z-Correction ====================
11:23:56 Number of Measurements : 1
11:23:56 Calculated  correction : 0.24 mm
11:23:56 Z-Reference (A)         : 162
11:23:56 Z-Measured  value      : 146
11:23:56 Control Difference     : 16
          
11:23:57 =================== Y-Correction ====================
11:23:57 Trap on right side
11:23:57 Number of Measurements : 1
11:23:57 Calculated correction  : 0.4 mm
11:23:57 Current on Right (A)   : 155
11:23:57 Current on Left  (A)   : 163
11:23:57 Control Difference     : 8
          
11:23:57 =================== Z-Correction ====================
11:23:57 Number of Measurements : 1
11:23:57 Calculated  correction : 0.21 mm
11:23:57 Z-Reference (A)         : 162
11:23:57 Z-Measured  value      : 148
11:23:57 Control Difference     : 14
          
11:23:57 =================== Z-Correction ====================
11:23:57 Number of Measurements : 1
11:23:57 Calculated  correction : 0.195 mm
11:23:57 Z-Reference (A)         : 162
11:23:57 Z-Measured  value      : 149
11:23:57 Control Difference     : 13
          
11:23:58 =================== Z-Correction ====================
11:23:58 Number of Measurements : 1
11:23:58 Calculated  correction : -0.12 mm
11:23:58 Z-Reference (A)         : 162
11:23:58 Z-Measured  value      : 170
11:23:58 Control Difference     : -8
          
11:23:58 =================== Z-Correction ====================
11:23:58 Number of Measurements : 1
11:23:58 Calculated  correction : 0.195 mm
11:23:58 Z-Reference (A)         : 162
11:23:58 Z-Measured  value      : 149
11:23:58 Control Difference     : 13
          
11:23:58 =================== Z-Correction ====================
11:23:58 Number of Measurements : 1
11:23:58 Calculated  correction : 0.15 mm
11:23:58 Z-Reference (A)         : 162
11:23:58 Z-Measured  value      : 152
11:23:58 Control Difference     : 10
          
11:23:58 =================== Z-Correction ====================
11:23:58 Number of Measurements : 1
11:23:58 Calculated  correction : -0.195 mm
11:23:58 Z-Reference (A)         : 162
11:23:58 Z-Measured  value      : 175
11:23:58 Control Difference     : -13
          
11:23:59 =================== Z-Correction ====================
11:23:59 Number of Measurements : 1
11:23:59 Calculated  correction : 0.165 mm
11:23:59 Z-Reference (A)         : 162
11:23:59 Z-Measured  value      : 151
11:23:59 Control Difference     : 11
          
11:23:59 =================== Z-Correction ====================
11:23:59 Number of Measurements : 1
11:23:59 Calculated  correction : -0.165 mm
11:23:59 Z-Reference (A)         : 162
11:23:59 Z-Measured  value      : 173
11:23:59 Control Difference     : -11
          
11:23:59 =================== Z-Correction ====================
11:23:59 Number of Measurements : 1
11:23:59 Calculated  correction : 0.135 mm
11:23:59 Z-Reference (A)         : 162
11:23:59 Z-Measured  value      : 153
11:23:59 Control Difference     : 9
          
11:23:59 =================== Z-Correction ====================
11:23:59 Number of Measurements : 1
11:23:59 Calculated  correction : -0.12 mm
11:23:59 Z-Reference (A)         : 162
11:23:59 Z-Measured  value      : 170
11:23:59 Control Difference     : -8
          
11:24:00 =================== Z-Correction ====================
11:24:00 Number of Measurements : 1
11:24:00 Calculated  correction : 0.09 mm
11:24:00 Z-Reference (A)         : 162
11:24:00 Z-Measured  value      : 156
11:24:00 Control Difference     : 6
          
11:24:00 =================== Y-Correction ====================
11:24:00 Trap on left side
11:24:00 Number of Measurements : 1
11:24:00 Calculated correction  : 0.5 mm
11:24:00 Current on Right (A)   : 158
11:24:00 Current on Left  (A)   : 168
11:24:00 Control Difference     : 10
          
11:24:00 =================== Z-Correction ====================
11:24:00 Number of Measurements : 1
11:24:00 Calculated  correction : -0.15 mm
11:24:00 Z-Reference (A)         : 162
11:24:00 Z-Measured  value      : 172
11:24:00 Control Difference     : -10
          
11:24:00 ============== Accumulated corrections ==============
11:24:00 Total Corrections Y: -2.89157
11:24:00 Total Corrections Z: -4.95
          
11:24:00 Calculated Z-Reference value: 157.6667
11:24:00 Number of Left   trap events: 35
11:24:00 Number of right  trap events: 34
11:24:00 Number of Center trap events: 69
          
11:24:38 =================== Active trackdata ================
11:24:38 Tracksystem : 2
11:24:38 SeamName    : weldTest
11:24:38 TrackType   : Centerline
11:24:38 Gain_y      : 100
11:24:38 Gain_z      : 30
11:24:38 Bias        : 0
11:24:38 Z-Reference   : 0
11:24:38 Weave time  : 0.22 seconds
          
11:24:40 =================== Y-Correction ====================
11:24:40 Trap on left side
11:24:40 Number of Measurements : 1
11:24:40 Calculated correction  : 0.95 mm
11:24:40 Current on Right (A)   : 158
11:24:40 Current on Left  (A)   : 177
11:24:40 Control Difference     : 19
          
11:24:40 =================== Z-Correction ====================
11:24:40 Number of Measurements : 1
11:24:40 Calculated  correction : 0.21 mm
11:24:40 Z-Reference (A)         : 162
11:24:40 Z-Measured  value      : 148
11:24:40 Control Difference     : 14
          
11:24:40 =================== Y-Correction ====================
11:24:40 Trap on right side
11:24:40 Number of Measurements : 1
11:24:40 Calculated correction  : 1.3 mm
11:24:40 Current on Right (A)   : 151
11:24:40 Current on Left  (A)   : 177
11:24:40 Control Difference     : 26
          
11:24:40 =================== Z-Correction ====================
11:24:40 Number of Measurements : 1
11:24:40 Calculated  correction : 0.33 mm
11:24:40 Z-Reference (A)         : 162
11:24:40 Z-Measured  value      : 140
11:24:40 Control Difference     : 22
          
11:24:40 ======== Y-Correction positive Limit reached ========
11:24:40 Trap on left side
11:24:40 Number of Measurements      : 1
11:24:40 Calculated correction       : 1.45 mm
11:24:40 Limit correction to         : -1.40421 mm
11:24:40 Control Difference          : 29
11:24:40 Current on Right (A)   : 151
11:24:40 Current on Left  (A)   : 180
          
11:24:41 ======== Y-Correction positive Limit reached ========
11:24:41 Trap on right side
11:24:41 Number of Measurements      : 1
11:24:41 Calculated correction       : 1.6 mm
11:24:41 Limit correction to         : -1.40421 mm
11:24:41 Control Difference          : 32
11:24:41 Current on Right (A)   : 148
11:24:41 Current on Left  (A)   : 180
          
11:24:41 =================== Z-Correction ====================
11:24:41 Number of Measurements : 1
11:24:41 Calculated  correction : 0.345 mm
11:24:41 Z-Reference (A)         : 162
11:24:41 Z-Measured  value      : 139
11:24:41 Control Difference     : 23
          
11:24:41 =================== Y-Correction ====================
11:24:41 Trap on left side
11:24:41 Number of Measurements : 1
11:24:41 Calculated correction  : 1.05 mm
11:24:41 Current on Right (A)   : 148
11:24:41 Current on Left  (A)   : 169
11:24:41 Control Difference     : 21
          
11:24:41 =================== Z-Correction ====================
11:24:41 Number of Measurements : 1
11:24:41 Calculated  correction : 0.12 mm
11:24:41 Z-Reference (A)         : 162
11:24:41 Z-Measured  value      : 154
11:24:41 Control Difference     : 8
          
11:24:41 ======== Y-Correction positive Limit reached ========
11:24:41 Trap on right side
11:24:41 Number of Measurements      : 1
11:24:41 Calculated correction       : 1.45 mm
11:24:41 Limit correction to         : -1.40421 mm
11:24:41 Control Difference          : 29
11:24:41 Current on Right (A)   : 140
11:24:41 Current on Left  (A)   : 169
          
11:24:41 =================== Z-Correction ====================
11:24:41 Number of Measurements : 1
11:24:41 Calculated  correction : 0.45 mm
11:24:41 Z-Reference (A)         : 162
11:24:41 Z-Measured  value      : 132
11:24:41 Control Difference     : 30
          
11:24:41 =================== Y-Correction ====================
11:24:41 Trap on left side
11:24:41 Number of Measurements : 1
11:24:41 Calculated correction  : 0.65 mm
11:24:41 Current on Right (A)   : 140
11:24:41 Current on Left  (A)   : 153
11:24:41 Control Difference     : 13
          
11:24:41 =================== Z-Correction ====================
11:24:41 Number of Measurements : 1
11:24:41 Calculated  correction : 0.18 mm
11:24:41 Z-Reference (A)         : 162
11:24:41 Z-Measured  value      : 150
11:24:41 Control Difference     : 12
          
11:24:41 =================== Y-Correction ====================
11:24:41 Trap on right side
11:24:41 Number of Measurements : 1
11:24:41 Calculated correction  : 1.25 mm
11:24:41 Current on Right (A)   : 128
11:24:41 Current on Left  (A)   : 153
11:24:41 Control Difference     : 25
          
11:24:42 =================== Z-Correction ====================
11:24:42 Number of Measurements : 1
11:24:42 Calculated  correction : 0.465 mm
11:24:42 Z-Reference (A)         : 162
11:24:42 Z-Measured  value      : 131
11:24:42 Control Difference     : 31
          
11:24:42 ======== Y-Correction positive Limit reached ========
11:24:42 Trap on left side
11:24:42 Number of Measurements      : 1
11:24:42 Calculated correction       : 1.6 mm
11:24:42 Limit correction to         : -1.40421 mm
11:24:42 Control Difference          : 32
11:24:42 Current on Right (A)   : 128
11:24:42 Current on Left  (A)   : 160
          
11:24:42 =================== Z-Correction ====================
11:24:42 Number of Measurements : 1
11:24:42 Calculated  correction : 0.105 mm
11:24:42 Z-Reference (A)         : 162
11:24:42 Z-Measured  value      : 155
11:24:42 Control Difference     : 7
          
11:24:42 =================== Y-Correction ====================
11:24:42 Trap on right side
11:24:42 Number of Measurements : 1
11:24:42 Calculated correction  : 1.1 mm
11:24:42 Current on Right (A)   : 138
11:24:42 Current on Left  (A)   : 160
11:24:42 Control Difference     : 22
          
11:24:42 =================== Z-Correction ====================
11:24:42 Number of Measurements : 1
11:24:42 Calculated  correction : 0.585 mm
11:24:42 Z-Reference (A)         : 162
11:24:42 Z-Measured  value      : 123
11:24:42 Control Difference     : 39
          
11:24:42 =================== Z-Correction ====================
11:24:42 Number of Measurements : 1
11:24:42 Calculated  correction : 0.225 mm
11:24:42 Z-Reference (A)         : 162
11:24:42 Z-Measured  value      : 147
11:24:42 Control Difference     : 15
          
11:24:42 =================== Y-Correction ====================
11:24:42 Trap on right side
11:24:42 Number of Measurements : 1
11:24:42 Calculated correction  : 0.6 mm
11:24:42 Current on Right (A)   : 127
11:24:42 Current on Left  (A)   : 139
11:24:42 Control Difference     : 12
          
11:24:42 =================== Z-Correction ====================
11:24:42 Number of Measurements : 1
11:24:42 Calculated  correction : 0.51 mm
11:24:42 Z-Reference (A)         : 162
11:24:42 Z-Measured  value      : 128
11:24:42 Control Difference     : 34
          
11:24:43 =================== Y-Correction ====================
11:24:43 Trap on left side
11:24:43 Number of Measurements : 1
11:24:43 Calculated correction  : 0.65 mm
11:24:43 Current on Right (A)   : 127
11:24:43 Current on Left  (A)   : 140
11:24:43 Control Difference     : 13
          
11:24:43 =================== Z-Correction ====================
11:24:43 Number of Measurements : 1
11:24:43 Calculated  correction : 0.24 mm
11:24:43 Z-Reference (A)         : 162
11:24:43 Z-Measured  value      : 146
11:24:43 Control Difference     : 16
          
11:24:43 =================== Y-Correction ====================
11:24:43 Trap on right side
11:24:43 Number of Measurements : 1
11:24:43 Calculated correction  : 0.35 mm
11:24:43 Current on Right (A)   : 133
11:24:43 Current on Left  (A)   : 140
11:24:43 Control Difference     : 7
          
11:24:43 =================== Z-Correction ====================
11:24:43 Number of Measurements : 1
11:24:43 Calculated  correction : 0.615 mm
11:24:43 Z-Reference (A)         : 162
11:24:43 Z-Measured  value      : 121
11:24:43 Control Difference     : 41
          
11:24:43 =================== Y-Correction ====================
11:24:43 Trap on left side
11:24:43 Number of Measurements : 1
11:24:43 Calculated correction  : 0.35 mm
11:24:43 Current on Right (A)   : 133
11:24:43 Current on Left  (A)   : 140
11:24:43 Control Difference     : 7
          
11:24:43 =================== Z-Correction ====================
11:24:43 Number of Measurements : 1
11:24:43 Calculated  correction : 0.18 mm
11:24:43 Z-Reference (A)         : 162
11:24:43 Z-Measured  value      : 150
11:24:43 Control Difference     : 12
          
11:24:43 =================== Z-Correction ====================
11:24:43 Number of Measurements : 1
11:24:43 Calculated  correction : 0.63 mm
11:24:43 Z-Reference (A)         : 162
11:24:43 Z-Measured  value      : 120
11:24:43 Control Difference     : 42
          
11:24:43 =================== Y-Correction ====================
11:24:43 Trap on left side
11:24:43 Number of Measurements : 1
11:24:43 Calculated correction  : 0.8 mm
11:24:43 Current on Right (A)   : 135
11:24:43 Current on Left  (A)   : 151
11:24:43 Control Difference     : 16
          
11:24:44 =================== Z-Correction ====================
11:24:44 Number of Measurements : 1
11:24:44 Calculated  correction : 0.3 mm
11:24:44 Z-Reference (A)         : 162
11:24:44 Z-Measured  value      : 142
11:24:44 Control Difference     : 20
          
11:24:44 =================== Y-Correction ====================
11:24:44 Trap on right side
11:24:44 Number of Measurements : 1
11:24:44 Calculated correction  : 0.85 mm
11:24:44 Current on Right (A)   : 134
11:24:44 Current on Left  (A)   : 151
11:24:44 Control Difference     : 17
          
11:24:44 =================== Z-Correction ====================
11:24:44 Number of Measurements : 1
11:24:44 Calculated  correction : 0.495 mm
11:24:44 Z-Reference (A)         : 162
11:24:44 Z-Measured  value      : 129
11:24:44 Control Difference     : 33
          
11:24:44 =================== Y-Correction ====================
11:24:44 Trap on left side
11:24:44 Number of Measurements : 1
11:24:44 Calculated correction  : 0.3 mm
11:24:44 Current on Right (A)   : 134
11:24:44 Current on Left  (A)   : 140
11:24:44 Control Difference     : 6
          
11:24:44 =================== Z-Correction ====================
11:24:44 Number of Measurements : 1
11:24:44 Calculated  correction : 0.195 mm
11:24:44 Z-Reference (A)         : 162
11:24:44 Z-Measured  value      : 149
11:24:44 Control Difference     : 13
          
11:24:44 =================== Z-Correction ====================
11:24:44 Number of Measurements : 1
11:24:44 Calculated  correction : 0.345 mm
11:24:44 Z-Reference (A)         : 162
11:24:44 Z-Measured  value      : 139
11:24:44 Control Difference     : 23
          
11:24:44 =================== Z-Correction ====================
11:24:44 Number of Measurements : 1
11:24:44 Calculated  correction : 0.24 mm
11:24:44 Z-Reference (A)         : 162
11:24:44 Z-Measured  value      : 146
11:24:44 Control Difference     : 16
          
11:24:45 =================== Y-Correction ====================
11:24:45 Trap on right side
11:24:45 Number of Measurements : 1
11:24:45 Calculated correction  : -0.3 mm
11:24:45 Current on Right (A)   : 141
11:24:45 Current on Left  (A)   : 135
11:24:45 Control Difference     : -6
          
11:24:45 =================== Z-Correction ====================
11:24:45 Number of Measurements : 1
11:24:45 Calculated  correction : 0.255 mm
11:24:45 Z-Reference (A)         : 162
11:24:45 Z-Measured  value      : 145
11:24:45 Control Difference     : 17
          
11:24:45 =================== Z-Correction ====================
11:24:45 Number of Measurements : 1
11:24:45 Calculated  correction : 0.195 mm
11:24:45 Z-Reference (A)         : 162
11:24:45 Z-Measured  value      : 149
11:24:45 Control Difference     : 13
          
11:24:45 =================== Y-Correction ====================
11:24:45 Trap on right side
11:24:45 Number of Measurements : 1
11:24:45 Calculated correction  : -0.35 mm
11:24:45 Current on Right (A)   : 145
11:24:45 Current on Left  (A)   : 138
11:24:45 Control Difference     : -7
          
11:24:45 =================== Z-Correction ====================
11:24:45 Number of Measurements : 1
11:24:45 Calculated  correction : 0.24 mm
11:24:45 Z-Reference (A)         : 162
11:24:45 Z-Measured  value      : 146
11:24:45 Control Difference     : 16
          
11:24:45 =================== Y-Correction ====================
11:24:45 Trap on left side
11:24:45 Number of Measurements : 1
11:24:45 Calculated correction  : 0.35 mm
11:24:45 Current on Right (A)   : 145
11:24:45 Current on Left  (A)   : 152
11:24:45 Control Difference     : 7
          
11:24:45 =================== Z-Correction ====================
11:24:45 Number of Measurements : 1
11:24:45 Calculated  correction : 0.09 mm
11:24:45 Z-Reference (A)         : 162
11:24:45 Z-Measured  value      : 156
11:24:45 Control Difference     : 6
          
11:24:46 =================== Z-Correction ====================
11:24:46 Number of Measurements : 1
11:24:46 Calculated  correction : 0.225 mm
11:24:46 Z-Reference (A)         : 162
11:24:46 Z-Measured  value      : 147
11:24:46 Control Difference     : 15
          
11:24:46 =================== Y-Correction ====================
11:24:46 Trap on left side
11:24:46 Number of Measurements : 1
11:24:46 Calculated correction  : -0.3 mm
11:24:46 Current on Right (A)   : 147
11:24:46 Current on Left  (A)   : 141
11:24:46 Control Difference     : -6
          
11:24:46 =================== Z-Correction ====================
11:24:46 Number of Measurements : 1
11:24:46 Calculated  correction : 0.195 mm
11:24:46 Z-Reference (A)         : 162
11:24:46 Z-Measured  value      : 149
11:24:46 Control Difference     : 13
          
11:24:46 =================== Y-Correction ====================
11:24:46 Trap on right side
11:24:46 Number of Measurements : 1
11:24:46 Calculated correction  : -0.55 mm
11:24:46 Current on Right (A)   : 152
11:24:46 Current on Left  (A)   : 141
11:24:46 Control Difference     : -11
          
11:24:46 =================== Z-Correction ====================
11:24:46 Number of Measurements : 1
11:24:46 Calculated  correction : 0.24 mm
11:24:46 Z-Reference (A)         : 162
11:24:46 Z-Measured  value      : 146
11:24:46 Control Difference     : 16
          
11:24:46 =================== Z-Correction ====================
11:24:46 Number of Measurements : 1
11:24:46 Calculated  correction : 0.09 mm
11:24:46 Z-Reference (A)         : 162
11:24:46 Z-Measured  value      : 156
11:24:46 Control Difference     : 6
          
11:24:46 =================== Z-Correction ====================
11:24:46 Number of Measurements : 1
11:24:46 Calculated  correction : 0.27 mm
11:24:46 Z-Reference (A)         : 162
11:24:46 Z-Measured  value      : 144
11:24:46 Control Difference     : 18
          
11:24:47 =================== Z-Correction ====================
11:24:47 Number of Measurements : 1
11:24:47 Calculated  correction : 0.09 mm
11:24:47 Z-Reference (A)         : 162
11:24:47 Z-Measured  value      : 156
11:24:47 Control Difference     : 6
          
11:24:47 =================== Z-Correction ====================
11:24:47 Number of Measurements : 1
11:24:47 Calculated  correction : 0.255 mm
11:24:47 Z-Reference (A)         : 162
11:24:47 Z-Measured  value      : 145
11:24:47 Control Difference     : 17
          
11:24:47 =================== Z-Correction ====================
11:24:47 Number of Measurements : 1
11:24:47 Calculated  correction : 0.15 mm
11:24:47 Z-Reference (A)         : 162
11:24:47 Z-Measured  value      : 152
11:24:47 Control Difference     : 10
          
11:24:47 =================== Y-Correction ====================
11:24:47 Trap on left side
11:24:47 Number of Measurements : 1
11:24:47 Calculated correction  : 0.3 mm
11:24:47 Current on Right (A)   : 150
11:24:47 Current on Left  (A)   : 156
11:24:47 Control Difference     : 6
          
11:24:48 =================== Z-Correction ====================
11:24:48 Number of Measurements : 1
11:24:48 Calculated  correction : 0.105 mm
11:24:48 Z-Reference (A)         : 162
11:24:48 Z-Measured  value      : 155
11:24:48 Control Difference     : 7
          
11:24:49 =================== Z-Correction ====================
11:24:49 Number of Measurements : 1
11:24:49 Calculated  correction : 0.225 mm
11:24:49 Z-Reference (A)         : 162
11:24:49 Z-Measured  value      : 147
11:24:49 Control Difference     : 15
          
11:24:49 =================== Y-Correction ====================
11:24:49 Trap on left side
11:24:49 Number of Measurements : 1
11:24:49 Calculated correction  : -0.3 mm
11:24:49 Current on Right (A)   : 156
11:24:49 Current on Left  (A)   : 150
11:24:49 Control Difference     : -6
          
11:24:49 =================== Z-Correction ====================
11:24:49 Number of Measurements : 1
11:24:49 Calculated  correction : 0.09 mm
11:24:49 Z-Reference (A)         : 162
11:24:49 Z-Measured  value      : 156
11:24:49 Control Difference     : 6
          
11:24:49 =================== Z-Correction ====================
11:24:49 Number of Measurements : 1
11:24:49 Calculated  correction : -0.135 mm
11:24:49 Z-Reference (A)         : 162
11:24:49 Z-Measured  value      : 171
11:24:49 Control Difference     : -9
          
11:24:50 =================== Y-Correction ====================
11:24:50 Trap on left side
11:24:50 Number of Measurements : 1
11:24:50 Calculated correction  : -0.3 mm
11:24:50 Current on Right (A)   : 159
11:24:50 Current on Left  (A)   : 153
11:24:50 Control Difference     : -6
          
11:24:50 =================== Z-Correction ====================
11:24:50 Number of Measurements : 1
11:24:50 Calculated  correction : 0.165 mm
11:24:50 Z-Reference (A)         : 162
11:24:50 Z-Measured  value      : 151
11:24:50 Control Difference     : 11
          
11:24:50 =================== Z-Correction ====================
11:24:50 Number of Measurements : 1
11:24:50 Calculated  correction : 0.15 mm
11:24:50 Z-Reference (A)         : 162
11:24:50 Z-Measured  value      : 152
11:24:50 Control Difference     : 10
          
11:24:51 =================== Y-Correction ====================
11:24:51 Trap on right side
11:24:51 Number of Measurements : 1
11:24:51 Calculated correction  : -0.35 mm
11:24:51 Current on Right (A)   : 160
11:24:51 Current on Left  (A)   : 153
11:24:51 Control Difference     : -7
          
11:24:51 =================== Z-Correction ====================
11:24:51 Number of Measurements : 1
11:24:51 Calculated  correction : 0.15 mm
11:24:51 Z-Reference (A)         : 162
11:24:51 Z-Measured  value      : 152
11:24:51 Control Difference     : 10
          
11:24:51 =================== Y-Correction ====================
11:24:51 Trap on left side
11:24:51 Number of Measurements : 1
11:24:51 Calculated correction  : -0.3 mm
11:24:51 Current on Right (A)   : 160
11:24:51 Current on Left  (A)   : 154
11:24:51 Control Difference     : -6
          
11:24:51 =================== Z-Correction ====================
11:24:51 Number of Measurements : 1
11:24:51 Calculated  correction : 0.105 mm
11:24:51 Z-Reference (A)         : 162
11:24:51 Z-Measured  value      : 155
11:24:51 Control Difference     : 7
          
11:24:51 =================== Z-Correction ====================
11:24:51 Number of Measurements : 1
11:24:51 Calculated  correction : 0.195 mm
11:24:51 Z-Reference (A)         : 162
11:24:51 Z-Measured  value      : 149
11:24:51 Control Difference     : 13
          
11:24:52 =================== Z-Correction ====================
11:24:52 Number of Measurements : 1
11:24:52 Calculated  correction : 0.15 mm
11:24:52 Z-Reference (A)         : 162
11:24:52 Z-Measured  value      : 152
11:24:52 Control Difference     : 10
          
11:24:52 =================== Z-Correction ====================
11:24:52 Number of Measurements : 1
11:24:52 Calculated  correction : -0.135 mm
11:24:52 Z-Reference (A)         : 162
11:24:52 Z-Measured  value      : 171
11:24:52 Control Difference     : -9
          
11:24:52 =================== Z-Correction ====================
11:24:52 Number of Measurements : 1
11:24:52 Calculated  correction : 0.135 mm
11:24:52 Z-Reference (A)         : 162
11:24:52 Z-Measured  value      : 153
11:24:52 Control Difference     : 9
          
11:24:52 =================== Y-Correction ====================
11:24:52 Trap on left side
11:24:52 Number of Measurements : 1
11:24:52 Calculated correction  : -0.3 mm
11:24:52 Current on Right (A)   : 160
11:24:52 Current on Left  (A)   : 154
11:24:52 Control Difference     : -6
          
11:24:52 =================== Z-Correction ====================
11:24:52 Number of Measurements : 1
11:24:52 Calculated  correction : -0.12 mm
11:24:52 Z-Reference (A)         : 162
11:24:52 Z-Measured  value      : 170
11:24:52 Control Difference     : -8
          
11:24:53 =================== Y-Correction ====================
11:24:53 Trap on right side
11:24:53 Number of Measurements : 1
11:24:53 Calculated correction  : -0.3 mm
11:24:53 Current on Right (A)   : 160
11:24:53 Current on Left  (A)   : 154
11:24:53 Control Difference     : -6
          
11:24:53 =================== Z-Correction ====================
11:24:53 Number of Measurements : 1
11:24:53 Calculated  correction : 0.18 mm
11:24:53 Z-Reference (A)         : 162
11:24:53 Z-Measured  value      : 150
11:24:53 Control Difference     : 12
          
11:24:53 =================== Z-Correction ====================
11:24:53 Number of Measurements : 1
11:24:53 Calculated  correction : -0.105 mm
11:24:53 Z-Reference (A)         : 162
11:24:53 Z-Measured  value      : 169
11:24:53 Control Difference     : -7
          
11:24:53 =================== Y-Correction ====================
11:24:53 Trap on right side
11:24:53 Number of Measurements : 1
11:24:53 Calculated correction  : -0.45 mm
11:24:53 Current on Right (A)   : 162
11:24:53 Current on Left  (A)   : 153
11:24:53 Control Difference     : -9
          
11:24:54 =================== Z-Correction ====================
11:24:54 Number of Measurements : 1
11:24:54 Calculated  correction : -0.105 mm
11:24:54 Z-Reference (A)         : 162
11:24:54 Z-Measured  value      : 169
11:24:54 Control Difference     : -7
          
11:24:54 =================== Z-Correction ====================
11:24:54 Number of Measurements : 1
11:24:54 Calculated  correction : 0.195 mm
11:24:54 Z-Reference (A)         : 162
11:24:54 Z-Measured  value      : 149
11:24:54 Control Difference     : 13
          
11:24:54 =================== Z-Correction ====================
11:24:54 Number of Measurements : 1
11:24:54 Calculated  correction : -0.09 mm
11:24:54 Z-Reference (A)         : 162
11:24:54 Z-Measured  value      : 168
11:24:54 Control Difference     : -6
          
11:24:55 =================== Y-Correction ====================
11:24:55 Trap on left side
11:24:55 Number of Measurements : 1
11:24:55 Calculated correction  : 0.35 mm
11:24:55 Current on Right (A)   : 159
11:24:55 Current on Left  (A)   : 166
11:24:55 Control Difference     : 7
          
11:24:55 =================== Z-Correction ====================
11:24:55 Number of Measurements : 1
11:24:55 Calculated  correction : -0.09 mm
11:24:55 Z-Reference (A)         : 162
11:24:55 Z-Measured  value      : 168
11:24:55 Control Difference     : -6
          
11:24:55 =================== Y-Correction ====================
11:24:55 Trap on right side
11:24:55 Number of Measurements : 1
11:24:55 Calculated correction  : 0.45 mm
11:24:55 Current on Right (A)   : 157
11:24:55 Current on Left  (A)   : 166
11:24:55 Control Difference     : 9
          
11:24:55 =================== Y-Correction ====================
11:24:55 Trap on left side
11:24:55 Number of Measurements : 1
11:24:55 Calculated correction  : 0.55 mm
11:24:55 Current on Right (A)   : 157
11:24:55 Current on Left  (A)   : 168
11:24:55 Control Difference     : 11
          
11:24:56 =================== Y-Correction ====================
11:24:56 Trap on right side
11:24:56 Number of Measurements : 1
11:24:56 Calculated correction  : 0.6 mm
11:24:56 Current on Right (A)   : 156
11:24:56 Current on Left  (A)   : 168
11:24:56 Control Difference     : 12
          
11:24:57 =================== Z-Correction ====================
11:24:57 Number of Measurements : 1
11:24:57 Calculated  correction : -0.09 mm
11:24:57 Z-Reference (A)         : 162
11:24:57 Z-Measured  value      : 168
11:24:57 Control Difference     : -6
          
11:24:57 =================== Y-Correction ====================
11:24:57 Trap on left side
11:24:57 Number of Measurements : 1
11:24:57 Calculated correction  : -0.3 mm
11:24:57 Current on Right (A)   : 158
11:24:57 Current on Left  (A)   : 152
11:24:57 Control Difference     : -6
          
11:24:57 =================== Y-Correction ====================
11:24:57 Trap on right side
11:24:57 Number of Measurements : 1
11:24:57 Calculated correction  : -0.75 mm
11:24:57 Current on Right (A)   : 167
11:24:57 Current on Left  (A)   : 152
11:24:57 Control Difference     : -15
          
11:24:57 =================== Z-Correction ====================
11:24:57 Number of Measurements : 1
11:24:57 Calculated  correction : -0.12 mm
11:24:57 Z-Reference (A)         : 162
11:24:57 Z-Measured  value      : 170
11:24:57 Control Difference     : -8
          
11:24:57 =================== Z-Correction ====================
11:24:57 Number of Measurements : 1
11:24:57 Calculated  correction : -0.09 mm
11:24:57 Z-Reference (A)         : 162
11:24:57 Z-Measured  value      : 168
11:24:57 Control Difference     : -6
          
11:24:57 =================== Y-Correction ====================
11:24:57 Trap on right side
11:24:57 Number of Measurements : 1
11:24:57 Calculated correction  : 0.3 mm
11:24:57 Current on Right (A)   : 157
11:24:57 Current on Left  (A)   : 163
11:24:57 Control Difference     : 6
          
11:24:57 ============== Accumulated corrections ==============
11:24:57 Total Corrections Y: -13.8669
11:24:57 Total Corrections Z: -9.825
          
11:24:57 Calculated Z-Reference value: 153.5063
11:24:57 Number of Left   trap events: 40
11:24:57 Number of right  trap events: 40
11:24:57 Number of Center trap events: 79
